::1 - 2020-03-02 13:58:56 - 3 - SELECT * FROM `admin` WHERE ad_username='admin0303' AND ad_password='3f059adcdcabdd8bde985dc5082310ce'
::1 - 2020-03-02 13:58:57 - 3 - SELECT * FROM `movie` WHERE (`m_releaseDate` < CURDATE())
::1 - 2020-03-02 13:58:57 - 3 - SELECT * FROM `movie` WHERE (`m_releaseDate` > CURDATE())
::1 - 2020-03-02 13:59:07 - 3 - SELECT * FROM `movie`
::1 - 2020-03-02 14:06:55 - 3 - SELECT * FROM `admin` WHERE ad_username='admin0303' AND ad_password='3f059adcdcabdd8bde985dc5082310ce'
::1 - 2020-03-02 14:06:56 - 3 - SELECT * FROM `movie` WHERE (`m_releaseDate` < CURDATE())
::1 - 2020-03-02 14:06:56 - 3 - SELECT * FROM `movie` WHERE (`m_releaseDate` > CURDATE())
::1 - 2020-03-02 14:16:28 - 3 - SELECT * FROM `movie`
::1 - 2020-03-02 14:46:54 - 3 - SELECT * FROM `movie` WHERE (`m_releaseDate` < CURDATE())
::1 - 2020-03-02 14:46:54 - 3 - SELECT * FROM `movie` WHERE (`m_releaseDate` > CURDATE())
::1 - 2020-03-02 14:47:24 - 3 - INSERT INTO 
    movie (m_name, m_releaseDate, m_duration, m_director, m_actors, m_description, m_genre)
    VALUES ('VÌ ANH VẪN',
            '2020-03-17',
            '89',
            'Andrew Erwin, Jon Erwin',
            'Ahn Jae-hong, Kang So-ra, Park Young-gyu, Kim Sung-oh, Jeon Yeo-bin',
            'nnnnnnnnnnn',
            'Kinh dị')
::1 - 2020-03-02 14:47:26 - 3 - SELECT * FROM `movie` WHERE (`m_releaseDate` > CURDATE())
::1 - 2020-03-02 14:47:26 - 3 - SELECT * FROM `movie` WHERE (`m_releaseDate` < CURDATE())
::1 - 2020-03-02 14:47:28 - 3 - SELECT * FROM `movie`
::1 - 2020-03-02 14:47:59 - 3 - INSERT INTO `admin` (ad_username, ad_password) VALUES ('admin0208', '872fff1c5557744dc829dd6bf31391a1')
::1 - 2020-03-02 14:47:59 - 3 - SELECT * FROM `admin` WHERE ad_username='admin0208' AND ad_password='872fff1c5557744dc829dd6bf31391a1'
::1 - 2020-03-02 14:48:00 - 3 - SELECT * FROM `movie` WHERE (`m_releaseDate` < CURDATE())
::1 - 2020-03-02 14:48:00 - 3 - SELECT * FROM `movie` WHERE (`m_releaseDate` > CURDATE())
::1 - 2020-03-02 14:48:14 - 3 - SELECT * FROM `admin` WHERE ad_username='admin0208' AND ad_password='872fff1c5557744dc829dd6bf31391a1'
::1 - 2020-03-02 14:48:15 - 3 - SELECT * FROM `movie` WHERE (`m_releaseDate` > CURDATE())
::1 - 2020-03-02 14:48:15 - 3 - SELECT * FROM `movie` WHERE (`m_releaseDate` < CURDATE())
::1 - 2020-03-02 14:51:04 - 3 - SELECT * FROM `movie`
::1 - 2020-03-02 14:55:38 - 3 - SELECT * FROM `movie`
::1 - 2020-03-02 14:55:42 - 3 - DELETE FROM `movie` WHERE m_id = '124'
::1 - 2020-03-02 14:55:51 - 3 - DELETE FROM `movie` WHERE m_id = '123'
::1 - 2020-03-02 14:55:55 - 3 - DELETE FROM `movie` WHERE m_id = '122'
::1 - 2020-03-02 14:58:06 - 3 - SELECT * FROM `movie`
::1 - 2020-03-02 14:58:11 - 3 - DELETE FROM `movie` WHERE m_id = '121'
::1 - 2020-03-02 14:58:20 - 3 - SELECT * FROM `movie`
::1 - 2020-03-02 14:58:22 - 3 - SELECT * FROM `movie` WHERE (`m_releaseDate` < CURDATE())
::1 - 2020-03-02 14:58:22 - 3 - SELECT * FROM `movie` WHERE (`m_releaseDate` > CURDATE())
::1 - 2020-03-02 14:59:06 - 3 - SELECT * FROM `movie` WHERE (`m_releaseDate` < CURDATE())
::1 - 2020-03-02 14:59:06 - 3 - SELECT * FROM `movie` WHERE (`m_releaseDate` > CURDATE())
::1 - 2020-03-02 15:00:34 - 3 - INSERT INTO 
    movie (m_name, m_releaseDate, m_duration, m_director, m_actors, m_description, m_genre)
    VALUES ('KÝ SINH TRÙNG',
            '2020-03-11',
            '96',
            'Bong Joon Ho',
            'Song Kang Ho, Lee Sun Kyun, Cho Yeo Jeong, Choi Woo Shik, Park So Dam',
            'Bộ phim xoay quanh hai gia đình hoàn toàn trái ngược: một bên vô cùng giàu có, còn một bên luôn sống trong cảnh nghèo túng. Họ tình cờ gặp gỡ và quen biết nhau sau một biến cố không ngờ.',
            'Tâm lý')
::1 - 2020-03-02 15:00:35 - 3 - SELECT * FROM `movie` WHERE (`m_releaseDate` < CURDATE())
::1 - 2020-03-02 15:00:35 - 3 - SELECT * FROM `movie` WHERE (`m_releaseDate` > CURDATE())
::1 - 2020-03-02 15:00:37 - 3 - SELECT * FROM `movie`
::1 - 2020-03-02 15:00:52 - 3 - DELETE FROM `movie` WHERE m_id = '120'
::1 - 2020-03-02 15:02:52 - 3 - DELETE FROM `movie` WHERE m_id = '120'
::1 - 2020-03-02 15:02:57 - 3 - DELETE FROM `movie` WHERE m_id = '120'
::1 - 2020-03-02 15:02:59 - 3 - DELETE FROM `movie` WHERE m_id = '127'
::1 - 2020-03-02 15:03:06 - 3 - DELETE FROM `movie` WHERE m_id = '120'
::1 - 2020-03-02 15:03:57 - 3 - SELECT * FROM `movie`
::1 - 2020-03-02 15:04:11 - 3 - DELETE FROM `movie` WHERE m_id = 126
::1 - 2020-03-02 15:04:13 - 3 - SELECT * FROM `movie`
::1 - 2020-03-02 15:05:06 - 3 - SELECT * FROM `movie` WHERE (`m_releaseDate` < CURDATE())
::1 - 2020-03-02 15:05:06 - 3 - SELECT * FROM `movie` WHERE (`m_releaseDate` > CURDATE())
::1 - 2020-03-02 15:05:16 - 3 - INSERT INTO 
    movie (m_name, m_releaseDate, m_duration, m_director, m_actors, m_description, m_genre)
    VALUES ('dddd',
            '2020-03-11',
            '85',
            'dddđ',
            'ggggggg',
            'ggggggg',
            'dddđ')
::1 - 2020-03-02 15:05:17 - 3 - SELECT * FROM `movie` WHERE (`m_releaseDate` < CURDATE())
::1 - 2020-03-02 15:05:17 - 3 - SELECT * FROM `movie` WHERE (`m_releaseDate` > CURDATE())
::1 - 2020-03-02 15:05:20 - 3 - SELECT * FROM `movie`
::1 - 2020-03-02 15:05:33 - 3 - DELETE FROM `movie` WHERE m_id = 128
::1 - 2020-03-02 15:05:59 - 3 - SELECT * FROM `movie`
::1 - 2020-03-02 15:09:45 - 3 - SELECT * FROM `movie`
::1 - 2020-03-02 15:09:57 - 3 - DELETE FROM `movie` WHERE m_id = 125
::1 - 2020-03-02 15:10:39 - 3 - SELECT * FROM `movie`
::1 - 2020-03-02 15:10:50 - 3 - DELETE FROM `movie` WHERE m_id = 118
::1 - 2020-03-02 15:10:55 - 3 - SELECT * FROM `movie`
::1 - 2020-03-02 15:11:12 - 3 - SELECT * FROM `movie` WHERE (`m_releaseDate` < CURDATE())
::1 - 2020-03-02 15:11:12 - 3 - SELECT * FROM `movie` WHERE (`m_releaseDate` > CURDATE())
::1 - 2020-03-02 15:11:49 - 3 - INSERT INTO 
    movie (m_name, m_releaseDate, m_duration, m_director, m_actors, m_description, m_genre)
    VALUES ('NGÔI LÀNG TỬ KHÍ',
            '2020-03-13',
            '96',
            'Takashi Shimizu',
            'Ayaka Miyoshi, Ryota Bando, Hinata Kaizu, Megumi Okina',
            'Trước cái chết đầy bí ẩn của cô bạn gái, Yuma Morita dẫn theo em trai đến ngôi làng ma quái để tìm kiếm sự thật, nhưng cả hai đều không thoát khỏi bi kịch. Những vụ mất tích và những cái chết man rợ ngày một chất chồng hơn, buộc cô em gái Kanae Morita vào cuộc và khám phá sự thật kinh hoàng đằng sau ngôi làng bí ẩn nhất của Nhật Bản.',
            'Kinh dị')
::1 - 2020-03-02 15:11:50 - 3 - SELECT * FROM `movie` WHERE (`m_releaseDate` < CURDATE())
::1 - 2020-03-02 15:11:50 - 3 - SELECT * FROM `movie` WHERE (`m_releaseDate` > CURDATE())
::1 - 2020-03-02 15:11:52 - 3 - SELECT * FROM `movie`
::1 - 2020-03-02 15:11:58 - 3 - DELETE FROM `movie` WHERE m_id = 102
::1 - 2020-03-02 15:11:59 - 3 - SELECT * FROM `movie`
::1 - 2020-03-02 15:12:11 - 3 - SELECT * FROM `movie` WHERE (`m_releaseDate` > CURDATE())
::1 - 2020-03-02 15:12:11 - 3 - SELECT * FROM `movie` WHERE (`m_releaseDate` < CURDATE())
::1 - 2020-03-02 15:22:57 - 3 - SELECT * FROM `movie`
::1 - 2020-03-02 15:27:21 - 3 - SELECT * FROM `movie`
::1 - 2020-03-02 15:28:30 - 3 - SELECT * FROM `movie`
::1 - 2020-03-02 15:28:50 - 3 - SELECT * FROM `movie`
::1 - 2020-03-02 15:31:27 - 3 - SELECT * FROM `movie`
::1 - 2020-03-02 15:31:53 - 3 - SELECT * FROM `movie`
::1 - 2020-03-02 15:32:12 - 3 - SELECT * FROM `movie` WHERE (`m_releaseDate` < CURDATE())
::1 - 2020-03-02 15:32:12 - 3 - SELECT * FROM `movie` WHERE (`m_releaseDate` > CURDATE())
::1 - 2020-03-02 15:34:07 - 3 - INSERT INTO `admin` (ad_username, ad_password) VALUES ('admin0208', '872fff1c5557744dc829dd6bf31391a1')
::1 - 2020-03-02 15:34:08 - 3 - SELECT * FROM `admin` WHERE ad_username='admin0208' AND ad_password='872fff1c5557744dc829dd6bf31391a1'
::1 - 2020-03-02 15:34:10 - 3 - SELECT * FROM `movie` WHERE (`m_releaseDate` < CURDATE())
::1 - 2020-03-02 15:34:10 - 3 - SELECT * FROM `movie` WHERE (`m_releaseDate` > CURDATE())
::1 - 2020-03-02 15:34:15 - 3 - SELECT * FROM `movie`
::1 - 2020-03-02 15:41:28 - 3 - SELECT * FROM `movie`
::1 - 2020-03-02 15:41:32 - 3 - SELECT * FROM `movie`
::1 - 2020-03-02 15:41:33 - 3 - SELECT * FROM `movie` WHERE (`m_releaseDate` < CURDATE())
::1 - 2020-03-02 15:41:33 - 3 - SELECT * FROM `movie` WHERE (`m_releaseDate` > CURDATE())
::1 - 2020-03-02 15:41:35 - 3 - SELECT * FROM `movie`
::1 - 2020-03-02 15:41:37 - 3 - SELECT * FROM `movie`
::1 - 2020-03-02 15:41:38 - 3 - SELECT * FROM `movie` WHERE (`m_releaseDate` < CURDATE())
::1 - 2020-03-02 15:41:38 - 3 - SELECT * FROM `movie` WHERE (`m_releaseDate` > CURDATE())
::1 - 2020-03-02 15:44:48 - 3 - SELECT * FROM `movie` WHERE (`m_releaseDate` > CURDATE())
::1 - 2020-03-02 15:44:48 - 3 - SELECT * FROM `movie` WHERE (`m_releaseDate` < CURDATE())
::1 - 2020-03-02 16:08:49 - 3 - SELECT `showmovie`.`show_starttime` AS `show_starttime`, `movie`.`m_name` AS `m_name`, `movie`.`m_duration` AS `m_duration` 
        FROM `movie`,`showmovie` 
        WHERE `movie`.`m_id` = `showmovie`.`show_movie`
::1 - 2020-03-02 16:19:18 - 3 - SELECT `showmovie`.`show_starttime` AS `show_starttime`, `movie`.`m_name` AS `m_name`, 
`movie`.`m_duration` AS `m_duration` , `theater`.`th_name` AS `th_name`
        FROM `movie`,`showmovie`, `theater`, `cinema` 
        WHERE `movie`.`m_id` = `showmovie`.`show_movie` AND `showmovie`.`show_cinema` = `cinema`.`cine_id` AND `cinema`.`cine_theater` = `theater`.`th_id`
::1 - 2020-03-02 16:19:51 - 3 - SELECT `showmovie`.`show_starttime` AS `show_starttime`, `movie`.`m_name` AS `m_name`, 
`movie`.`m_duration` AS `m_duration` , `theater`.`th_name` AS `th_name`
        FROM `movie`,`showmovie`, `theater`, `cinema` 
        WHERE `movie`.`m_id` = `showmovie`.`show_movie` AND `showmovie`.`show_cinema` = `cinema`.`cine_id` AND `cinema`.`cine_theater` = `theater`.`th_id`
::1 - 2020-03-02 16:23:50 - 3 - SELECT `showmovie`.`show_starttime` AS `show_starttime`, `movie`.`m_name` AS `m_name`, 
`movie`.`m_duration` AS `m_duration` , `theater`.`th_name` AS `th_name`
        FROM `movie`,`showmovie`, `theater`, `cinema` 
        WHERE `movie`.`m_id` = `showmovie`.`show_movie` AND `showmovie`.`show_cinema` = `cinema`.`cine_id` AND `cinema`.`cine_theater` = `theater`.`th_id`
::1 - 2020-03-02 16:24:03 - 3 - SELECT `showmovie`.`show_starttime` AS `show_starttime`, `movie`.`m_name` AS `m_name`, 
`movie`.`m_duration` AS `m_duration` , `theater`.`th_name` AS `th_name`
        FROM `movie`,`showmovie`, `theater`, `cinema` 
        WHERE `movie`.`m_id` = `showmovie`.`show_movie` AND `showmovie`.`show_cinema` = `cinema`.`cine_id` AND `cinema`.`cine_theater` = `theater`.`th_id`
::1 - 2020-03-02 16:25:15 - 3 - SELECT `showmovie`.`show_starttime` AS `show_starttime`, `movie`.`m_name` AS `m_name`, 
`movie`.`m_duration` AS `m_duration` , `theater`.`th_name` AS `th_name`
        FROM `movie`,`showmovie`, `theater`, `cinema` 
        WHERE `movie`.`m_id` = `showmovie`.`show_movie` AND `showmovie`.`show_cinema` = `cinema`.`cine_id` AND `cinema`.`cine_theater` = `theater`.`th_id`
::1 - 2020-03-02 16:27:54 - 3 - SELECT * FROM `movie` WHERE (`m_releaseDate` < CURDATE())
::1 - 2020-03-02 16:27:54 - 3 - SELECT * FROM `movie` WHERE (`m_releaseDate` > CURDATE())
::1 - 2020-03-02 16:28:35 - 3 - SELECT * FROM `movie` WHERE (`m_releaseDate` > CURDATE())
::1 - 2020-03-02 16:28:35 - 3 - SELECT `showmovie`.`show_starttime` AS `show_starttime`, `movie`.`m_name` AS `m_name`, 
`movie`.`m_duration` AS `m_duration` , `theater`.`th_name` AS `th_name`
        FROM `movie`,`showmovie`, `theater`, `cinema` 
        WHERE `movie`.`m_id` = `showmovie`.`show_movie` AND `showmovie`.`show_cinema` = `cinema`.`cine_id` AND `cinema`.`cine_theater` = `theater`.`th_id`
::1 - 2020-03-02 16:29:21 - 3 - SELECT * FROM `movie` WHERE (`m_releaseDate` < CURDATE())
::1 - 2020-03-02 16:29:21 - 3 - SELECT * FROM `movie` WHERE (`m_releaseDate` > CURDATE())
::1 - 2020-03-02 16:29:32 - 3 - SELECT * FROM `movie`
::1 - 2020-03-02 16:30:06 - 3 - SELECT * FROM `movie`
::1 - 2020-03-02 16:30:07 - 3 - SELECT * FROM `movie`
::1 - 2020-03-02 16:30:10 - 3 - SELECT * FROM `movie`
::1 - 2020-03-02 16:30:11 - 3 - SELECT * FROM `movie` WHERE (`m_releaseDate` < CURDATE())
::1 - 2020-03-02 16:30:11 - 3 - SELECT * FROM `movie` WHERE (`m_releaseDate` > CURDATE())
::1 - 2020-03-02 16:30:12 - 3 - SELECT `showmovie`.`show_starttime` AS `show_starttime`, `movie`.`m_name` AS `m_name`, 
`movie`.`m_duration` AS `m_duration` , `theater`.`th_name` AS `th_name`
        FROM `movie`,`showmovie`, `theater`, `cinema` 
        WHERE `movie`.`m_id` = `showmovie`.`show_movie` AND `showmovie`.`show_cinema` = `cinema`.`cine_id` AND `cinema`.`cine_theater` = `theater`.`th_id`
::1 - 2020-03-02 16:36:44 - 3 - SELECT * FROM `movie` WHERE (`m_releaseDate` < CURDATE())
::1 - 2020-03-02 16:36:44 - 3 - SELECT * FROM `movie` WHERE (`m_releaseDate` > CURDATE())
::1 - 2020-03-02 16:36:51 - 3 - SELECT `showmovie`.`show_id` AS `show_id`, `showmovie`.`show_starttime` AS `show_starttime`, `movie`.`m_name` AS `m_name`, 
`movie`.`m_duration` AS `m_duration` , `theater`.`th_name` AS `th_name`
        FROM `movie`,`showmovie`, `theater`, `cinema` 
        WHERE `movie`.`m_id` = `showmovie`.`show_movie` AND `showmovie`.`show_cinema` = `cinema`.`cine_id` AND `cinema`.`cine_theater` = `theater`.`th_id`
::1 - 2020-03-02 16:36:55 - 3 - DELETE FROM `showmovie` WHERE show_id = 10
::1 - 2020-03-02 16:37:28 - 3 - SELECT `showmovie`.`show_id` AS `show_id`, `showmovie`.`show_starttime` AS `show_starttime`, `movie`.`m_name` AS `m_name`, 
`movie`.`m_duration` AS `m_duration` , `theater`.`th_name` AS `th_name`
        FROM `movie`,`showmovie`, `theater`, `cinema` 
        WHERE `movie`.`m_id` = `showmovie`.`show_movie` AND `showmovie`.`show_cinema` = `cinema`.`cine_id` AND `cinema`.`cine_theater` = `theater`.`th_id`
